<?xml version="1.0" encoding="UTF-8"?>
<!-- Generated by org.testng.reporters.JUnitReportReporter -->
<testsuite hostname="DESKTOP-O0RSMQB" failures="0" tests="1" name="keywordDrivenTest.TestKeyword" time="15.366" errors="0" timestamp="16 May 2019 13:38:44 GMT" skipped="0">
  <testcase classname="keywordDrivenTest.TestKeyword" name="tc_01" time="15.366"/>
</testsuite> <!-- keywordDrivenTest.TestKeyword -->
